2024-07-06T19:33:06.181Z [info]: Server running on port 3000
2024-07-06T19:33:50.829Z [info]: Server running on port 3000
2024-07-06T19:33:50.945Z [info]: Connected to MongoDB
2024-07-06T19:34:22.881Z [info]: Server running on port 5000
2024-07-06T19:34:22.914Z [info]: Connected to MongoDB
2024-07-06T19:43:55.152Z [info]: Server running on port 5000
2024-07-06T19:43:55.194Z [error]: Error connecting to MongoDB: Protocol and host list are required in "mongodb+srv://piccolo:Hummer64@@cluster0.leucuxi.mongodb.net/?retryWrites=true&w=majority&appName=Cluster0"
2024-07-06T19:50:19.529Z [info]: Server running on port 5000
2024-07-06T19:50:21.350Z [info]: Connected to MongoDB
2024-07-06T19:52:59.232Z [info]: Server running on port 5000
2024-07-06T19:53:01.486Z [info]: Connected to MongoDB
2024-07-06T19:53:59.841Z [info]: Server running on port 5000
2024-07-06T19:54:01.524Z [info]: Connected to MongoDB
2024-07-08T15:36:53.052Z [info]: Server running on port 5000
2024-07-08T15:36:53.073Z [info]: Connected to MongoDB
2024-07-08T16:00:51.918Z [info]: Server running on port 5000
2024-07-08T16:00:52.020Z [info]: Connected to MongoDB
2024-07-08T16:05:17.084Z [info]: Server running on port 5000
2024-07-08T16:05:17.086Z [info]: Swagger available at http://localhost:5000/swagger
2024-07-08T16:05:17.103Z [info]: Connected to MongoDB
2024-07-08T16:07:27.049Z [info]: Server running on port 5000
2024-07-08T16:07:27.051Z [info]: Swagger available at http://localhost:5000/swagger
2024-07-08T16:07:27.068Z [info]: Connected to MongoDB
2024-07-08T16:08:57.965Z [info]: Server running on port 5000
2024-07-08T16:08:57.967Z [info]: Swagger available at http://localhost:5000/swagger
2024-07-08T16:08:58.024Z [info]: Connected to MongoDB
2024-07-08T16:09:23.420Z [info]: Server running on port 5000
2024-07-08T16:09:23.423Z [info]: Swagger available at http://localhost:5000/swagger
2024-07-08T16:09:23.441Z [info]: Connected to MongoDB
2024-07-08T16:09:37.353Z [info]: Server running on port 5000
2024-07-08T16:09:37.356Z [info]: Swagger available at http://localhost:5000/swagger
2024-07-08T16:09:37.372Z [info]: Connected to MongoDB
2024-07-08T16:10:12.824Z [info]: Server running on port 5000
2024-07-08T16:10:12.827Z [info]: Swagger available at http://localhost:5000/swagger
2024-07-08T16:10:12.845Z [info]: Connected to MongoDB
2024-07-08T16:11:00.394Z [info]: Server running on port 5000
2024-07-08T16:11:00.395Z [info]: Swagger available at http://localhost:5000/swagger
2024-07-08T16:11:00.409Z [info]: Connected to MongoDB
2024-07-08T16:12:40.244Z [info]: Server running on port 5000
2024-07-08T16:12:40.245Z [info]: Swagger available at http://localhost:5000/swagger
2024-07-08T16:12:40.259Z [info]: Connected to MongoDB
2024-07-08T16:13:00.700Z [info]: Server running on port 5000
2024-07-08T16:13:00.702Z [info]: Swagger available at http://localhost:5000/swagger
2024-07-08T16:13:00.715Z [info]: Connected to MongoDB
2024-07-08T16:13:06.976Z [info]: Server running on port 5000
2024-07-08T16:13:06.978Z [info]: Swagger available at http://localhost:5000/swagger
2024-07-08T16:13:07.033Z [info]: Connected to MongoDB
2024-07-08T16:13:53.371Z [error]: User token not found
2024-07-08T16:14:55.958Z [info]: Server running on port 5000
2024-07-08T16:14:55.960Z [info]: Swagger available at http://localhost:5000/swagger
2024-07-08T16:14:55.975Z [info]: Connected to MongoDB
2024-07-08T16:15:07.082Z [info]: Server running on port 5000
2024-07-08T16:15:07.083Z [info]: Swagger available at http://localhost:5000/swagger
2024-07-08T16:15:07.099Z [info]: Connected to MongoDB
2024-07-08T16:15:18.431Z [info]: Server running on port 5000
2024-07-08T16:15:18.433Z [info]: Swagger available at http://localhost:5000/swagger
2024-07-08T16:15:18.446Z [info]: Connected to MongoDB
2024-07-08T16:15:26.929Z [info]: Server running on port 5000
2024-07-08T16:15:26.931Z [info]: Swagger available at http://localhost:5000/swagger
2024-07-08T16:15:26.946Z [info]: Connected to MongoDB
2024-07-08T16:15:26.968Z [error]: Authorization header missing or malformed
2024-07-08T16:15:52.598Z [error]: Authorization header missing or malformed
2024-07-08T16:16:06.486Z [error]: User not found
2024-07-08T16:16:12.095Z [error]: secretOrPrivateKey must have a value
2024-07-08T16:16:58.880Z [info]: Server running on port 5000
2024-07-08T16:16:58.882Z [info]: Swagger available at http://localhost:5000/swagger
2024-07-08T16:16:58.895Z [info]: Connected to MongoDB
2024-07-08T16:17:56.661Z [info]: Server running on port 5000
2024-07-08T16:17:56.664Z [info]: Swagger available at http://localhost:5000/swagger
2024-07-08T16:17:56.686Z [info]: Connected to MongoDB
2024-07-08T18:55:19.385Z [info]: Server running on port 5000
2024-07-08T18:55:19.387Z [info]: Swagger available at http://localhost:5000/swagger
2024-07-08T18:55:19.429Z [info]: Connected to MongoDB
2024-07-08T22:31:09.570Z [error]: User not found
2024-07-08T22:31:23.945Z [error]: secretOrPrivateKey must have a value
2024-07-08T22:33:01.307Z [info]: Server running on port 5000
2024-07-08T22:33:01.309Z [info]: Swagger available at http://localhost:5000/swagger
2024-07-08T22:33:01.333Z [info]: Connected to MongoDB
2024-07-08T22:33:04.396Z [info]: User connected
2024-07-08T22:35:04.194Z [info]: Server running on port 5000
2024-07-08T22:35:04.196Z [info]: Swagger available at http://localhost:5000/swagger
2024-07-08T22:35:04.211Z [info]: Connected to MongoDB
2024-07-08T22:35:12.702Z [info]: Server running on port 5000
2024-07-08T22:35:12.706Z [info]: Swagger available at http://localhost:5000/swagger
2024-07-08T22:35:12.727Z [info]: Connected to MongoDB
2024-07-08T22:37:01.460Z [info]: Server running on port 5000
2024-07-08T22:37:01.462Z [info]: Swagger available at http://localhost:5000/swagger
2024-07-08T22:37:01.477Z [info]: Connected to MongoDB
2024-07-08T22:37:04.585Z [error]: Error retrieving user: Cannot populate path `chats` because it is not in your schema. Set the `strictPopulate` option to false to override.
2024-07-08T22:37:39.698Z [info]: Server running on port 5000
2024-07-08T22:37:39.700Z [info]: Swagger available at http://localhost:5000/swagger
2024-07-08T22:37:39.715Z [info]: Connected to MongoDB
2024-07-08T22:37:45.617Z [info]: Server running on port 5000
2024-07-08T22:37:45.620Z [info]: Swagger available at http://localhost:5000/swagger
2024-07-08T22:37:45.639Z [info]: Connected to MongoDB
2024-07-08T22:37:50.137Z [info]: Server running on port 5000
2024-07-08T22:37:50.146Z [info]: Swagger available at http://localhost:5000/swagger
2024-07-08T22:37:50.212Z [info]: Connected to MongoDB
2024-07-08T22:38:11.342Z [info]: Server running on port 5000
2024-07-08T22:38:11.345Z [info]: Swagger available at http://localhost:5000/swagger
2024-07-08T22:38:11.379Z [info]: Connected to MongoDB
2024-07-08T22:38:39.635Z [info]: Server running on port 5000
2024-07-08T22:38:39.636Z [info]: Swagger available at http://localhost:5000/swagger
2024-07-08T22:38:39.650Z [info]: Connected to MongoDB
2024-07-08T22:38:50.287Z [info]: Server running on port 5000
2024-07-08T22:38:50.289Z [info]: Swagger available at http://localhost:5000/swagger
2024-07-08T22:38:50.310Z [info]: Connected to MongoDB
2024-07-08T22:39:28.127Z [info]: Server running on port 5000
2024-07-08T22:39:28.130Z [info]: Swagger available at http://localhost:5000/swagger
2024-07-08T22:39:28.154Z [info]: Connected to MongoDB
2024-07-08T22:40:11.217Z [info]: Server running on port 5000
2024-07-08T22:40:11.219Z [info]: Swagger available at http://localhost:5000/swagger
2024-07-08T22:40:11.234Z [info]: Connected to MongoDB
2024-07-08T22:40:28.315Z [info]: Server running on port 5000
2024-07-08T22:40:28.317Z [info]: Swagger available at http://localhost:5000/swagger
2024-07-08T22:40:28.333Z [info]: Connected to MongoDB
2024-07-08T22:40:37.071Z [info]: Server running on port 5000
2024-07-08T22:40:37.073Z [info]: Swagger available at http://localhost:5000/swagger
2024-07-08T22:40:37.091Z [info]: Connected to MongoDB
2024-07-08T22:41:21.910Z [info]: Server running on port 5000
2024-07-08T22:41:21.912Z [info]: Swagger available at http://localhost:5000/swagger
2024-07-08T22:41:21.931Z [info]: Connected to MongoDB
2024-07-08T22:41:35.211Z [info]: Server running on port 5000
2024-07-08T22:41:35.213Z [info]: Swagger available at http://localhost:5000/swagger
2024-07-08T22:41:35.226Z [info]: Connected to MongoDB
2024-07-08T22:41:50.438Z [info]: Server running on port 5000
2024-07-08T22:41:50.440Z [info]: Swagger available at http://localhost:5000/swagger
2024-07-08T22:41:50.456Z [info]: Connected to MongoDB
2024-07-08T22:41:58.189Z [info]: Server running on port 5000
2024-07-08T22:41:58.192Z [info]: Swagger available at http://localhost:5000/swagger
2024-07-08T22:41:58.212Z [info]: Connected to MongoDB
2024-07-08T22:44:04.869Z [info]: Server running on port 5000
2024-07-08T22:44:04.870Z [info]: Swagger available at http://localhost:5000/swagger
2024-07-08T22:44:04.888Z [info]: Connected to MongoDB
2024-07-08T22:44:10.032Z [info]: Server running on port 5000
2024-07-08T22:44:10.035Z [info]: Swagger available at http://localhost:5000/swagger
2024-07-08T22:44:10.053Z [info]: Connected to MongoDB
2024-07-08T22:44:16.846Z [info]: Server running on port 5000
2024-07-08T22:44:16.848Z [info]: Swagger available at http://localhost:5000/swagger
2024-07-08T22:44:16.864Z [info]: Connected to MongoDB
2024-07-08T22:44:56.055Z [info]: Server running on port 5000
2024-07-08T22:44:56.057Z [info]: Swagger available at http://localhost:5000/swagger
2024-07-08T22:44:56.071Z [info]: Connected to MongoDB
2024-07-08T22:45:15.680Z [info]: Server running on port 5000
2024-07-08T22:45:15.682Z [info]: Swagger available at http://localhost:5000/swagger
2024-07-08T22:45:15.700Z [info]: Connected to MongoDB
2024-07-08T22:45:58.791Z [info]: Server running on port 5000
2024-07-08T22:45:58.793Z [info]: Swagger available at http://localhost:5000/swagger
2024-07-08T22:45:58.816Z [info]: Connected to MongoDB
2024-07-08T22:47:51.251Z [info]: Server running on port 5000
2024-07-08T22:47:51.253Z [info]: Swagger available at http://localhost:5000/swagger
2024-07-08T22:47:51.266Z [info]: Connected to MongoDB
2024-07-08T22:48:37.032Z [info]: Server running on port 5000
2024-07-08T22:48:37.035Z [info]: Swagger available at http://localhost:5000/swagger
2024-07-08T22:48:37.054Z [info]: Connected to MongoDB
2024-07-08T22:49:14.365Z [info]: Server running on port 5000
2024-07-08T22:49:14.367Z [info]: Swagger available at http://localhost:5000/swagger
2024-07-08T22:49:14.382Z [info]: Connected to MongoDB
2024-07-08T22:51:03.292Z [info]: Server running on port 5000
2024-07-08T22:51:03.294Z [info]: Swagger available at http://localhost:5000/swagger
2024-07-08T22:51:03.307Z [info]: Connected to MongoDB
2024-07-08T22:51:25.457Z [info]: Server running on port 5000
2024-07-08T22:51:25.464Z [info]: Swagger available at http://localhost:5000/swagger
2024-07-08T22:51:25.489Z [info]: Connected to MongoDB
2024-07-08T23:06:56.622Z [info]: Server running on port 5000
2024-07-08T23:06:56.624Z [info]: Swagger available at http://localhost:5000/swagger
2024-07-08T23:06:56.640Z [info]: Connected to MongoDB
2024-07-08T23:07:02.487Z [info]: Server running on port 5000
2024-07-08T23:07:02.489Z [info]: Swagger available at http://localhost:5000/swagger
2024-07-08T23:07:02.503Z [info]: Connected to MongoDB
2024-07-08T23:07:29.584Z [info]: Server running on port 5000
2024-07-08T23:07:29.586Z [info]: Swagger available at http://localhost:5000/swagger
2024-07-08T23:07:29.600Z [info]: Connected to MongoDB
2024-07-08T23:08:02.510Z [info]: Server running on port 5000
2024-07-08T23:08:02.512Z [info]: Swagger available at http://localhost:5000/swagger
2024-07-08T23:08:02.531Z [info]: Connected to MongoDB
2024-07-08T23:09:09.828Z [info]: Server running on port 5000
2024-07-08T23:09:09.830Z [info]: Swagger available at http://localhost:5000/swagger
2024-07-08T23:09:09.844Z [info]: Connected to MongoDB
2024-07-08T23:09:34.040Z [info]: Server running on port 5000
2024-07-08T23:09:34.042Z [info]: Swagger available at http://localhost:5000/swagger
2024-07-08T23:09:34.061Z [info]: Connected to MongoDB
2024-07-08T23:10:38.571Z [info]: Server running on port 5000
2024-07-08T23:10:38.579Z [info]: Swagger available at http://localhost:5000/swagger
2024-07-08T23:10:38.601Z [info]: Connected to MongoDB
2024-07-08T23:11:08.169Z [info]: User connected
2024-07-08T23:12:08.886Z [info]: Server running on port 5000
2024-07-08T23:12:08.908Z [info]: Swagger available at http://localhost:5000/swagger
2024-07-08T23:12:08.933Z [info]: Connected to MongoDB
2024-07-08T23:12:14.438Z [info]: User authenticated
2024-07-08T23:13:50.873Z [info]: Server running on port 5000
2024-07-08T23:13:50.875Z [info]: Swagger available at http://localhost:5000/swagger
2024-07-08T23:13:50.889Z [info]: Connected to MongoDB
2024-07-08T23:14:12.895Z [info]: Server running on port 5000
2024-07-08T23:14:12.897Z [info]: Swagger available at http://localhost:5000/swagger
2024-07-08T23:14:12.915Z [info]: Connected to MongoDB
2024-07-08T23:14:37.990Z [info]: Server running on port 5000
2024-07-08T23:14:37.992Z [info]: Swagger available at http://localhost:5000/swagger
2024-07-08T23:14:38.013Z [info]: Connected to MongoDB
2024-07-08T23:15:03.766Z [info]: Server running on port 5000
2024-07-08T23:15:03.768Z [info]: Swagger available at http://localhost:5000/swagger
2024-07-08T23:15:03.782Z [info]: Connected to MongoDB
2024-07-08T23:15:06.754Z [info]: Checking user authentication
2024-07-08T23:16:13.356Z [info]: Checking user authentication
2024-07-08T23:16:26.992Z [info]: Checking user authentication
2024-07-08T23:17:39.068Z [info]: Server running on port 5000
2024-07-08T23:17:39.070Z [info]: Swagger available at http://localhost:5000/swagger
2024-07-08T23:17:39.085Z [info]: Connected to MongoDB
2024-07-08T23:17:46.178Z [info]: Checking user authentication
2024-07-08T23:17:46.181Z [info]: User id: 668c1014dcedacb6ab8e4585
2024-07-08T23:18:01.373Z [info]: Checking user authentication
2024-07-08T23:18:01.375Z [info]: User id: 668c1014dcedacb6ab8e4585
2024-07-08T23:19:03.557Z [info]: Server running on port 5000
2024-07-08T23:19:03.562Z [info]: Swagger available at http://localhost:5000/swagger
2024-07-08T23:19:03.593Z [info]: Connected to MongoDB
2024-07-08T23:19:09.988Z [info]: Server running on port 5000
2024-07-08T23:19:09.992Z [info]: Swagger available at http://localhost:5000/swagger
2024-07-08T23:19:10.010Z [info]: Connected to MongoDB
2024-07-08T23:19:28.284Z [info]: Server running on port 5000
2024-07-08T23:19:28.286Z [info]: Swagger available at http://localhost:5000/swagger
2024-07-08T23:19:28.303Z [info]: Connected to MongoDB
2024-07-08T23:19:33.137Z [info]: Checking user authentication
2024-07-08T23:19:33.139Z [info]: User id: 668c1014dcedacb6ab8e4585
2024-07-08T23:21:38.531Z [info]: Server running on port 5000
2024-07-08T23:21:38.533Z [info]: Swagger available at http://localhost:5000/swagger
2024-07-08T23:21:38.547Z [info]: Connected to MongoDB
2024-07-08T23:22:08.540Z [info]: Server running on port 5000
2024-07-08T23:22:08.542Z [info]: Swagger available at http://localhost:5000/swagger
2024-07-08T23:22:08.566Z [info]: Connected to MongoDB
2024-07-08T23:22:14.692Z [info]: Checking user authentication
2024-07-08T23:22:14.695Z [info]: User id: 668c1014dcedacb6ab8e4585
2024-07-08T23:22:33.786Z [info]: Server running on port 5000
2024-07-08T23:22:33.788Z [info]: Swagger available at http://localhost:5000/swagger
2024-07-08T23:22:33.804Z [info]: Connected to MongoDB
2024-07-08T23:23:19.498Z [info]: Server running on port 5000
2024-07-08T23:23:19.503Z [info]: Swagger available at http://localhost:5000/swagger
2024-07-08T23:23:19.531Z [info]: Connected to MongoDB
2024-07-08T23:23:26.064Z [info]: Server running on port 5000
2024-07-08T23:23:26.067Z [info]: Swagger available at http://localhost:5000/swagger
2024-07-08T23:23:26.096Z [info]: Connected to MongoDB
2024-07-08T23:23:35.420Z [info]: Server running on port 5000
2024-07-08T23:23:35.421Z [info]: Swagger available at http://localhost:5000/swagger
2024-07-08T23:23:35.435Z [info]: Connected to MongoDB
2024-07-08T23:23:41.377Z [info]: Server running on port 5000
2024-07-08T23:23:41.379Z [info]: Swagger available at http://localhost:5000/swagger
2024-07-08T23:23:41.402Z [info]: Connected to MongoDB
2024-07-08T23:24:06.638Z [info]: Server running on port 5000
2024-07-08T23:24:06.641Z [info]: Swagger available at http://localhost:5000/swagger
2024-07-08T23:24:06.667Z [info]: Connected to MongoDB
2024-07-08T23:25:20.283Z [info]: Server running on port 5000
2024-07-08T23:25:20.286Z [info]: Swagger available at http://localhost:5000/swagger
2024-07-08T23:25:20.304Z [info]: Connected to MongoDB
2024-07-08T23:25:24.529Z [info]: Server running on port 5000
2024-07-08T23:25:24.531Z [info]: Swagger available at http://localhost:5000/swagger
2024-07-08T23:25:24.552Z [info]: Connected to MongoDB
2024-07-08T23:25:46.767Z [info]: Server running on port 5000
2024-07-08T23:25:46.769Z [info]: Swagger available at http://localhost:5000/swagger
2024-07-08T23:25:46.786Z [info]: Connected to MongoDB
2024-07-08T23:26:16.032Z [info]: Server running on port 5000
2024-07-08T23:26:16.034Z [info]: Swagger available at http://localhost:5000/swagger
2024-07-08T23:26:16.052Z [info]: Connected to MongoDB
2024-07-08T23:31:11.298Z [info]: Server running on port 5000
2024-07-08T23:31:11.300Z [info]: Swagger available at http://localhost:5000/swagger
2024-07-08T23:31:11.316Z [info]: Connected to MongoDB
2024-07-08T23:31:32.156Z [info]: Server running on port 5000
2024-07-08T23:31:32.158Z [info]: Swagger available at http://localhost:5000/swagger
2024-07-08T23:31:32.174Z [info]: Connected to MongoDB
2024-07-08T23:32:00.522Z [error]: User not found
2024-07-08T23:32:46.391Z [info]: Server running on port 5000
2024-07-08T23:32:46.396Z [info]: Swagger available at http://localhost:5000/swagger
2024-07-08T23:32:46.427Z [info]: Connected to MongoDB
2024-07-08T23:36:29.542Z [info]: Server running on port 5000
2024-07-08T23:36:29.546Z [info]: Swagger available at http://localhost:5000/swagger
2024-07-08T23:36:29.565Z [info]: Connected to MongoDB
2024-07-08T23:36:36.081Z [info]: Server running on port 5000
2024-07-08T23:36:36.084Z [info]: Swagger available at http://localhost:5000/swagger
2024-07-08T23:36:36.101Z [info]: Connected to MongoDB
2024-07-08T23:36:39.582Z [error]: User not found
2024-07-08T23:37:05.340Z [error]: User not found
2024-07-08T23:38:49.602Z [info]: Server running on port 5000
2024-07-08T23:38:49.604Z [info]: Swagger available at http://localhost:5000/swagger
2024-07-08T23:38:49.622Z [info]: Connected to MongoDB
2024-07-08T23:38:52.701Z [error]: User not found
2024-07-08T23:39:20.377Z [info]: Server running on port 5000
2024-07-08T23:39:20.381Z [info]: Swagger available at http://localhost:5000/swagger
2024-07-08T23:39:20.402Z [info]: Connected to MongoDB
2024-07-08T23:39:25.071Z [error]: User not found
2024-07-08T23:39:34.837Z [info]: Server running on port 5000
2024-07-08T23:39:34.840Z [info]: Swagger available at http://localhost:5000/swagger
2024-07-08T23:39:34.856Z [info]: Connected to MongoDB
2024-07-08T23:40:05.150Z [info]: Server running on port 5000
2024-07-08T23:40:05.152Z [info]: Swagger available at http://localhost:5000/swagger
2024-07-08T23:40:05.172Z [info]: Connected to MongoDB
2024-07-08T23:40:14.798Z [info]: Server running on port 5000
2024-07-08T23:40:14.800Z [info]: Swagger available at http://localhost:5000/swagger
2024-07-08T23:40:14.819Z [info]: Connected to MongoDB
2024-07-08T23:40:21.095Z [info]: Checking user authentication
2024-07-08T23:40:21.104Z [error]: User not found
2024-07-08T23:40:38.922Z [info]: Server running on port 5000
2024-07-08T23:40:38.924Z [info]: Swagger available at http://localhost:5000/swagger
2024-07-08T23:40:38.939Z [info]: Connected to MongoDB
2024-07-08T23:40:42.056Z [info]: Checking user authentication
2024-07-08T23:40:42.063Z [error]: User not found
2024-07-08T23:40:52.448Z [info]: Server running on port 5000
2024-07-08T23:40:52.450Z [info]: Swagger available at http://localhost:5000/swagger
2024-07-08T23:40:52.464Z [info]: Connected to MongoDB
2024-07-08T23:40:58.308Z [info]: Server running on port 5000
2024-07-08T23:40:58.311Z [info]: Swagger available at http://localhost:5000/swagger
2024-07-08T23:40:58.332Z [info]: Connected to MongoDB
2024-07-08T23:41:00.958Z [error]: User not found
2024-07-08T23:41:10.024Z [info]: Server running on port 5000
2024-07-08T23:41:10.026Z [info]: Swagger available at http://localhost:5000/swagger
2024-07-08T23:41:10.041Z [info]: Connected to MongoDB
